<?xml version="1.0" encoding="UTF-8"?>
<testng-results ignored="0" total="1" passed="1" failed="0" skipped="0">
  <reporter-output>
    <line>
      <![CDATA[Number of Rows are:::: 9]]>
    </line>
    <line>
      <![CDATA[Login success::::dashboard       http://orangehrm.qedgetech.com/symfony/web/index.php/dashboard]]>
    </line>
    <line>
      <![CDATA[Login Failure::::dashboard       http://orangehrm.qedgetech.com/symfony/web/index.php/auth/validateCredentials]]>
    </line>
    <line>
      <![CDATA[Login success::::dashboard       http://orangehrm.qedgetech.com/symfony/web/index.php/dashboard]]>
    </line>
    <line>
      <![CDATA[Login Failure::::dashboard       http://orangehrm.qedgetech.com/symfony/web/index.php/auth/validateCredentials]]>
    </line>
    <line>
      <![CDATA[Login success::::dashboard       http://orangehrm.qedgetech.com/symfony/web/index.php/dashboard]]>
    </line>
    <line>
      <![CDATA[Login Failure::::dashboard       http://orangehrm.qedgetech.com/symfony/web/index.php/auth/validateCredentials]]>
    </line>
    <line>
      <![CDATA[Login success::::dashboard       http://orangehrm.qedgetech.com/symfony/web/index.php/dashboard]]>
    </line>
    <line>
      <![CDATA[Login Failure::::dashboard       http://orangehrm.qedgetech.com/symfony/web/index.php/auth/validateCredentials]]>
    </line>
    <line>
      <![CDATA[Login success::::dashboard       http://orangehrm.qedgetech.com/symfony/web/index.php/dashboard]]>
    </line>
  </reporter-output>
  <suite started-at="2023-12-09T13:03:07 IST" name="Default suite" finished-at="2023-12-09T13:03:38 IST" duration-ms="31013">
    <groups>
    </groups>
    <test started-at="2023-12-09T13:03:07 IST" name="Default test" finished-at="2023-12-09T13:03:38 IST" duration-ms="31013">
      <class name="driverFactory.DriverScript">
        <test-method is-config="true" signature="setup()[pri:0, instance:driverFactory.DriverScript@1033576a]" started-at="2023-12-09T13:03:07 IST" name="setup" finished-at="2023-12-09T13:03:12 IST" duration-ms="5067" status="PASS">
          <reporter-output>
          </reporter-output>
        </test-method> <!-- setup -->
        <test-method signature="startTest()[pri:0, instance:driverFactory.DriverScript@1033576a]" started-at="2023-12-09T13:03:12 IST" name="startTest" finished-at="2023-12-09T13:03:37 IST" duration-ms="24608" status="PASS">
          <reporter-output>
            <line>
              <![CDATA[Number of Rows are:::: 9]]>
            </line>
            <line>
              <![CDATA[Login success::::dashboard       http://orangehrm.qedgetech.com/symfony/web/index.php/dashboard]]>
            </line>
            <line>
              <![CDATA[Login Failure::::dashboard       http://orangehrm.qedgetech.com/symfony/web/index.php/auth/validateCredentials]]>
            </line>
            <line>
              <![CDATA[Login success::::dashboard       http://orangehrm.qedgetech.com/symfony/web/index.php/dashboard]]>
            </line>
            <line>
              <![CDATA[Login Failure::::dashboard       http://orangehrm.qedgetech.com/symfony/web/index.php/auth/validateCredentials]]>
            </line>
            <line>
              <![CDATA[Login success::::dashboard       http://orangehrm.qedgetech.com/symfony/web/index.php/dashboard]]>
            </line>
            <line>
              <![CDATA[Login Failure::::dashboard       http://orangehrm.qedgetech.com/symfony/web/index.php/auth/validateCredentials]]>
            </line>
            <line>
              <![CDATA[Login success::::dashboard       http://orangehrm.qedgetech.com/symfony/web/index.php/dashboard]]>
            </line>
            <line>
              <![CDATA[Login Failure::::dashboard       http://orangehrm.qedgetech.com/symfony/web/index.php/auth/validateCredentials]]>
            </line>
            <line>
              <![CDATA[Login success::::dashboard       http://orangehrm.qedgetech.com/symfony/web/index.php/dashboard]]>
            </line>
          </reporter-output>
        </test-method> <!-- startTest -->
        <test-method is-config="true" signature="tearDown()[pri:0, instance:driverFactory.DriverScript@1033576a]" started-at="2023-12-09T13:03:37 IST" name="tearDown" finished-at="2023-12-09T13:03:38 IST" duration-ms="1304" status="PASS">
          <reporter-output>
          </reporter-output>
        </test-method> <!-- tearDown -->
      </class> <!-- driverFactory.DriverScript -->
    </test> <!-- Default test -->
  </suite> <!-- Default suite -->
</testng-results>
